<?xml version="1.0" encoding="UTF-8"?>
<!-- Generated by org.testng.reporters.JUnitXMLReporter -->
<testsuite hostname="CBT-Project1" name="PlaceOrderTest_1" tests="1" failures="0" timestamp="23 Sep 2016 12:09:18 GMT" time="0.394" errors="0">
  <testcase name="@BeforeTest setCapability" time="0.0" classname="com.shopclues.scripts.PlaceOrderTest">
    <failure type="java.lang.NullPointerException">
      <![CDATA[java.lang.NullPointerException
	at com.shopclues.library.BaseLib.setCapability(BaseLib.java:88)
	at java.util.concurrent.FutureTask.run(FutureTask.java:266)
	at java.util.concurrent.ThreadPoolExecutor.runWorker(ThreadPoolExecutor.java:1142)
	at java.util.concurrent.ThreadPoolExecutor$Worker.run(ThreadPoolExecutor.java:617)
	at java.lang.Thread.run(Thread.java:745)
... Removed 14 stack frames]]>
    </failure>
  </testcase> <!-- @BeforeTest setCapability -->
  <testcase name="@AfterTest tearDown" time="0.0" classname="com.shopclues.scripts.PlaceOrderTest">
    <skipped/>
  </testcase> <!-- @AfterTest tearDown -->
  <testcase name="findMeAShoe" time="0.001" classname="com.shopclues.scripts.PlaceOrderTest">
    <skipped/>
  </testcase> <!-- findMeAShoe -->
</testsuite> <!-- PlaceOrderTest_1 -->
