<?xml version="1.0" encoding="UTF-8"?>
<testsuite xmlns:xsi="http://www.w3.org/2001/XMLSchema-instance" xsi:schemaLocation="https://maven.apache.org/surefire/maven-surefire-plugin/xsd/surefire-test-report.xsd" name="com.shopclues.scripts.PlaceOrderTest" time="10.394" tests="4" errors="0" skipped="3" failures="1">
  <properties>
[...]
</properties>
  <testcase name="setCapability" classname="com.shopclues.scripts.PlaceOrderTest" time="10.235">
    <failure message="&#10;Parameter &apos;deviceName&apos; is required by @Configuration on method setCapability but has not been marked @Optional or defined&#10;" type="org.testng.TestNGException">org.testng.TestNGException: 

Parameter 'deviceName' is required by @Configuration on method setCapability but has not been marked @Optional or defined

</failure>
    <system-out><![CDATA[[Appium] Welcome to Appium v1.5.3
[Appium] Non-default server args:
[Appium]   address: '127.0.0.1'
[Appium]   port: 4753
[Appium]   noReset: true
[Appium] Deprecated server args:
[Appium]   --no-reset => --default-capabilities '{"noReset":true}'
[Appium] Default capabilities, which will be added to each request unless overridden by desired capabilities:
[Appium]   noReset: true
[Appium] Appium REST http interface listener started on 127.0.0.1:4753
Server starts programmtically.
]]></system-out>
  </testcase>
  <testcase name="findMeAShoe" classname="com.shopclues.scripts.PlaceOrderTest" time="0">
    <skipped/>
  </testcase>
  <testcase name="tearDown" classname="com.shopclues.scripts.PlaceOrderTest" time="0">
    <skipped/>
  </testcase>
  <testcase name="serverStop" classname="com.shopclues.scripts.PlaceOrderTest" time="0">
    <skipped/>
  </testcase>
</testsuite>