<?xml version="1.0" encoding="UTF-8"?>
<testng-results skipped="0" failed="1" total="1" passed="0">
  <reporter-output>
    <line>
      <![CDATA[Failed]]>
    </line>
  </reporter-output>
  <suite name="Suite" duration-ms="81262" started-at="2017-02-07T10:54:12Z" finished-at="2017-02-07T10:55:33Z">
    <groups>
    </groups>
    <test name="PlaceOrderTest_2" duration-ms="81262" started-at="2017-02-07T10:54:12Z" finished-at="2017-02-07T10:55:33Z">
      <class name="com.shopclues.scripts.PlaceOrderTest">
        <test-method status="PASS" signature="serverStart()[pri:0, instance:com.shopclues.scripts.PlaceOrderTest@4b9e13df]" name="serverStart" is-config="true" duration-ms="10011" started-at="2017-02-07T16:24:02Z" finished-at="2017-02-07T16:24:12Z">
          <reporter-output>
          </reporter-output>
        </test-method> <!-- serverStart -->
        <test-method status="PASS" signature="setCapability(java.lang.String, java.lang.String, java.lang.String)[pri:0, instance:com.shopclues.scripts.PlaceOrderTest@4b9e13df]" name="setCapability" is-config="true" duration-ms="8724" started-at="2017-02-07T16:24:12Z" finished-at="2017-02-07T16:24:20Z">
          <params>
            <param index="0">
              <value>
                <![CDATA[1837ec59]]>
              </value>
            </param>
            <param index="1">
              <value>
                <![CDATA[4.4]]>
              </value>
            </param>
            <param index="2">
              <value>
                <![CDATA[TestData.xlsx]]>
              </value>
            </param>
          </params>
          <reporter-output>
          </reporter-output>
        </test-method> <!-- setCapability -->
        <test-method status="FAIL" signature="findMeAShoe()[pri:0, instance:com.shopclues.scripts.PlaceOrderTest@4b9e13df]" name="findMeAShoe" duration-ms="69952" started-at="2017-02-07T16:24:20Z" description="Search any product from home page and then verify search result shows the list of product." finished-at="2017-02-07T16:25:30Z">
          <exception class="org.openqa.selenium.NoSuchElementException">
            <message>
              <![CDATA[An element could not be located on the page using the given search parameters. (WARNING: The server did not provide any stacktrace information)
Command duration or timeout: 60.41 seconds
For documentation on this error, please visit: http://seleniumhq.org/exceptions/no_such_element.html
Build info: version: '2.53.0', revision: '35ae25b1534ae328c771e0856c93e187490ca824', time: '2016-03-15 10:43:46'
System info: host: 'CBT-084', ip: '10.10.12.124', os.name: 'Windows 8.1', os.arch: 'amd64', os.version: '6.3', java.version: '1.8.0_73'
Driver info: io.appium.java_client.android.AndroidDriver
Capabilities [{deviceType=phone, app=E:\CBT_Automation\Appium_Workspace\ShopcluesParallelLocal\Shopclues.apk, appPackage=com.shopclues, networkConnectionEnabled=true, noReset=true, warnings={}, appiumVersion=1.5.3, appWaitPackage=com.shopclues, appWaitActivity=com.shopclues.SplashActivity, databaseEnabled=false, deviceName=1837ec59, platform=LINUX, deviceUDID=1837ec59, appActivity=com.shopclues.SplashActivity, desired={deviceType=phone, app=E:\CBT_Automation\Appium_Workspace\ShopcluesParallelLocal\Shopclues.apk, noReset=true, newCommandTimeout=75, platformVersion=4.4, appiumVersion=1.5.3, name=Shopclues Parallel Test Run on Local machine., deviceOrientation=portrait, platformName=Android, deviceName=1837ec59}, newCommandTimeout=75, platformVersion=4.4.4, webStorageEnabled=false, locationContextEnabled=false, name=Shopclues Parallel Test Run on Local machine., takesScreenshot=true, javascriptEnabled=true, deviceOrientation=portrait, platformName=Android}]
Session ID: 177048c5-60ed-41d3-b428-58218eed4853
*** Element info: {Using=xpath, value=//android.widget.TextView[contains(@text,'Footwear')]}]]>
            </message>
            <full-stacktrace>
              <![CDATA[org.openqa.selenium.NoSuchElementException: An element could not be located on the page using the given search parameters. (WARNING: The server did not provide any stacktrace information)
Command duration or timeout: 60.41 seconds
For documentation on this error, please visit: http://seleniumhq.org/exceptions/no_such_element.html
Build info: version: '2.53.0', revision: '35ae25b1534ae328c771e0856c93e187490ca824', time: '2016-03-15 10:43:46'
System info: host: 'CBT-084', ip: '10.10.12.124', os.name: 'Windows 8.1', os.arch: 'amd64', os.version: '6.3', java.version: '1.8.0_73'
Driver info: io.appium.java_client.android.AndroidDriver
Capabilities [{deviceType=phone, app=E:\CBT_Automation\Appium_Workspace\ShopcluesParallelLocal\Shopclues.apk, appPackage=com.shopclues, networkConnectionEnabled=true, noReset=true, warnings={}, appiumVersion=1.5.3, appWaitPackage=com.shopclues, appWaitActivity=com.shopclues.SplashActivity, databaseEnabled=false, deviceName=1837ec59, platform=LINUX, deviceUDID=1837ec59, appActivity=com.shopclues.SplashActivity, desired={deviceType=phone, app=E:\CBT_Automation\Appium_Workspace\ShopcluesParallelLocal\Shopclues.apk, noReset=true, newCommandTimeout=75, platformVersion=4.4, appiumVersion=1.5.3, name=Shopclues Parallel Test Run on Local machine., deviceOrientation=portrait, platformName=Android, deviceName=1837ec59}, newCommandTimeout=75, platformVersion=4.4.4, webStorageEnabled=false, locationContextEnabled=false, name=Shopclues Parallel Test Run on Local machine., takesScreenshot=true, javascriptEnabled=true, deviceOrientation=portrait, platformName=Android}]
Session ID: 177048c5-60ed-41d3-b428-58218eed4853
*** Element info: {Using=xpath, value=//android.widget.TextView[contains(@text,'Footwear')]}
	at sun.reflect.NativeConstructorAccessorImpl.newInstance0(Native Method)
	at sun.reflect.NativeConstructorAccessorImpl.newInstance(NativeConstructorAccessorImpl.java:62)
	at sun.reflect.DelegatingConstructorAccessorImpl.newInstance(DelegatingConstructorAccessorImpl.java:45)
	at java.lang.reflect.Constructor.newInstance(Constructor.java:422)
	at org.openqa.selenium.remote.ErrorHandler.createThrowable(ErrorHandler.java:206)
	at org.openqa.selenium.remote.ErrorHandler.throwIfResponseFailed(ErrorHandler.java:158)
	at org.openqa.selenium.remote.RemoteWebDriver.execute(RemoteWebDriver.java:678)
	at io.appium.java_client.DefaultGenericMobileDriver.execute(DefaultGenericMobileDriver.java:42)
	at io.appium.java_client.AppiumDriver.execute(AppiumDriver.java:1)
	at io.appium.java_client.android.AndroidDriver.execute(AndroidDriver.java:1)
	at org.openqa.selenium.remote.RemoteWebDriver.findElement(RemoteWebDriver.java:363)
	at org.openqa.selenium.remote.RemoteWebDriver.findElementByXPath(RemoteWebDriver.java:500)
	at io.appium.java_client.DefaultGenericMobileDriver.findElementByXPath(DefaultGenericMobileDriver.java:132)
	at io.appium.java_client.AppiumDriver.findElementByXPath(AppiumDriver.java:1)
	at io.appium.java_client.android.AndroidDriver.findElementByXPath(AndroidDriver.java:1)
	at org.openqa.selenium.By$ByXPath.findElement(By.java:361)
	at org.openqa.selenium.remote.RemoteWebDriver.findElement(RemoteWebDriver.java:355)
	at io.appium.java_client.DefaultGenericMobileDriver.findElement(DefaultGenericMobileDriver.java:52)
	at io.appium.java_client.AppiumDriver.findElement(AppiumDriver.java:1)
	at io.appium.java_client.android.AndroidDriver.findElement(AndroidDriver.java:1)
	at org.openqa.selenium.support.pagefactory.DefaultElementLocator.findElement(DefaultElementLocator.java:69)
	at org.openqa.selenium.support.pagefactory.internal.LocatingElementHandler.invoke(LocatingElementHandler.java:38)
	at com.sun.proxy.$Proxy12.click(Unknown Source)
	at com.shopclues.scripts.PlaceOrderTest.findMeAShoe(PlaceOrderTest.java:130)
	at sun.reflect.NativeMethodAccessorImpl.invoke0(Native Method)
	at sun.reflect.NativeMethodAccessorImpl.invoke(NativeMethodAccessorImpl.java:62)
	at sun.reflect.DelegatingMethodAccessorImpl.invoke(DelegatingMethodAccessorImpl.java:43)
	at java.lang.reflect.Method.invoke(Method.java:497)
	at org.testng.internal.MethodInvocationHelper.invokeMethod(MethodInvocationHelper.java:80)
	at org.testng.internal.Invoker.invokeMethod(Invoker.java:714)
	at org.testng.internal.Invoker.invokeTestMethod(Invoker.java:901)
	at org.testng.internal.Invoker.invokeTestMethods(Invoker.java:1231)
	at org.testng.internal.TestMethodWorker.invokeTestMethods(TestMethodWorker.java:127)
	at org.testng.internal.TestMethodWorker.run(TestMethodWorker.java:111)
	at org.testng.TestRunner.privateRun(TestRunner.java:767)
	at org.testng.TestRunner.run(TestRunner.java:617)
	at org.testng.SuiteRunner.runTest(SuiteRunner.java:334)
	at org.testng.SuiteRunner.runSequentially(SuiteRunner.java:329)
	at org.testng.SuiteRunner.privateRun(SuiteRunner.java:291)
	at org.testng.SuiteRunner.run(SuiteRunner.java:240)
	at org.testng.SuiteRunnerWorker.runSuite(SuiteRunnerWorker.java:52)
	at org.testng.SuiteRunnerWorker.run(SuiteRunnerWorker.java:86)
	at org.testng.TestNG.runSuitesSequentially(TestNG.java:1198)
	at org.testng.TestNG.runSuitesLocally(TestNG.java:1123)
	at org.testng.TestNG.run(TestNG.java:1031)
	at org.testng.remote.AbstractRemoteTestNG.run(AbstractRemoteTestNG.java:126)
	at org.testng.remote.RemoteTestNG.initAndRun(RemoteTestNG.java:152)
	at org.testng.remote.RemoteTestNG.main(RemoteTestNG.java:57)
]]>
            </full-stacktrace>
          </exception> <!-- org.openqa.selenium.NoSuchElementException -->
          <reporter-output>
            <line>
              <![CDATA[Failed]]>
            </line>
          </reporter-output>
        </test-method> <!-- findMeAShoe -->
        <test-method status="PASS" signature="tearDown()[pri:0, instance:com.shopclues.scripts.PlaceOrderTest@4b9e13df]" name="tearDown" is-config="true" duration-ms="2563" started-at="2017-02-07T16:25:30Z" finished-at="2017-02-07T16:25:33Z">
          <reporter-output>
          </reporter-output>
        </test-method> <!-- tearDown -->
        <test-method status="PASS" signature="serverStop()[pri:0, instance:com.shopclues.scripts.PlaceOrderTest@4b9e13df]" name="serverStop" is-config="true" duration-ms="10000" started-at="2017-02-07T16:25:33Z" finished-at="2017-02-07T16:25:43Z">
          <reporter-output>
          </reporter-output>
        </test-method> <!-- serverStop -->
      </class> <!-- com.shopclues.scripts.PlaceOrderTest -->
    </test> <!-- PlaceOrderTest_2 -->
  </suite> <!-- Suite -->
</testng-results>
